<?xml version="1.0" encoding="UTF-8"?>
<testng-results ignored="0" total="2" passed="1" failed="1" skipped="0">
  <reporter-output>
  </reporter-output>
  <suite started-at="2020-06-19T12:44:33 IST" name="Default suite" finished-at="2020-06-19T12:46:13 IST" duration-ms="99628">
    <groups>
    </groups>
    <test started-at="2020-06-19T12:44:33 IST" name="Default test" finished-at="2020-06-19T12:46:13 IST" duration-ms="99628">
      <class name="testscripts.DealCreationTS">
        <test-method is-config="true" signature="setUp()[pri:0, instance:testscripts.DealCreationTS@d706f19]" started-at="2020-06-19T12:44:33 IST" name="setUp" finished-at="2020-06-19T12:44:45 IST" duration-ms="11591" status="PASS">
          <reporter-output>
          </reporter-output>
        </test-method> <!-- setUp -->
        <test-method signature="DealCreateNew()[pri:1, instance:testscripts.DealCreationTS@d706f19]" started-at="2020-06-19T12:44:45 IST" name="DealCreateNew" finished-at="2020-06-19T12:45:06 IST" duration-ms="20855" status="PASS">
          <reporter-output>
          </reporter-output>
        </test-method> <!-- DealCreateNew -->
        <test-method signature="DealUpdatePage()[pri:2, instance:testscripts.DealCreationTS@d706f19]" started-at="2020-06-19T12:45:06 IST" name="DealUpdatePage" finished-at="2020-06-19T12:46:13 IST" duration-ms="67068" status="FAIL">
          <exception class="java.lang.NullPointerException">
            <full-stacktrace>
              <![CDATA[java.lang.NullPointerException
at utils.TestUtil.CompanyUserEmailID(TestUtil.java:224)
at testscripts.DealCreationTS.DealUpdatePage(DealCreationTS.java:67)
at java.base/jdk.internal.reflect.NativeMethodAccessorImpl.invoke0(Native Method)
at java.base/jdk.internal.reflect.NativeMethodAccessorImpl.invoke(NativeMethodAccessorImpl.java:62)
at java.base/jdk.internal.reflect.DelegatingMethodAccessorImpl.invoke(DelegatingMethodAccessorImpl.java:43)
at java.base/java.lang.reflect.Method.invoke(Method.java:567)
at org.testng.internal.MethodInvocationHelper.invokeMethod(MethodInvocationHelper.java:133)
at org.testng.internal.TestInvoker.invokeMethod(TestInvoker.java:584)
at org.testng.internal.TestInvoker.invokeTestMethod(TestInvoker.java:172)
at org.testng.internal.MethodRunner.runInSequence(MethodRunner.java:46)
at org.testng.internal.TestInvoker$MethodInvocationAgent.invoke(TestInvoker.java:804)
at org.testng.internal.TestInvoker.invokeTestMethods(TestInvoker.java:145)
at org.testng.internal.TestMethodWorker.invokeTestMethods(TestMethodWorker.java:146)
at org.testng.internal.TestMethodWorker.run(TestMethodWorker.java:128)
at java.base/java.util.ArrayList.forEach(ArrayList.java:1540)
at org.testng.TestRunner.privateRun(TestRunner.java:770)
at org.testng.TestRunner.run(TestRunner.java:591)
at org.testng.SuiteRunner.runTest(SuiteRunner.java:402)
at org.testng.SuiteRunner.runSequentially(SuiteRunner.java:396)
at org.testng.SuiteRunner.privateRun(SuiteRunner.java:355)
at org.testng.SuiteRunner.run(SuiteRunner.java:304)
at org.testng.SuiteRunnerWorker.runSuite(SuiteRunnerWorker.java:53)
at org.testng.SuiteRunnerWorker.run(SuiteRunnerWorker.java:96)
at org.testng.TestNG.runSuitesSequentially(TestNG.java:1180)
at org.testng.TestNG.runSuitesLocally(TestNG.java:1102)
at org.testng.TestNG.runSuites(TestNG.java:1032)
at org.testng.TestNG.run(TestNG.java:1000)
at org.testng.remote.AbstractRemoteTestNG.run(AbstractRemoteTestNG.java:115)
at org.testng.remote.RemoteTestNG.initAndRun(RemoteTestNG.java:251)
at org.testng.remote.RemoteTestNG.main(RemoteTestNG.java:77)
]]>
            </full-stacktrace>
          </exception> <!-- java.lang.NullPointerException -->
          <reporter-output>
          </reporter-output>
        </test-method> <!-- DealUpdatePage -->
        <test-method is-config="true" signature="tearDown()[pri:0, instance:testscripts.DealCreationTS@d706f19]" started-at="2020-06-19T12:46:13 IST" name="tearDown" finished-at="2020-06-19T12:46:13 IST" duration-ms="1" status="PASS">
          <reporter-output>
          </reporter-output>
        </test-method> <!-- tearDown -->
      </class> <!-- testscripts.DealCreationTS -->
    </test> <!-- Default test -->
  </suite> <!-- Default suite -->
</testng-results>
